# JRE version: Java(TM) SE Runtime Environment (8.0_05-b13) (build 1.8.0_05-b13)
# Java VM: Java HotSpot(TM) 64-Bit Server VM (25.5-b02 mixed mode windows-amd64 compressed oops)
Heap:
 PSYoungGen      total 31744K, used 26720K [0x00000000ebb80000, 0x00000000ee280000, 0x0000000100000000)
  eden space 28160K, 86% used [0x00000000ebb80000,0x00000000ed333d28,0x00000000ed700000)
  from space 3584K, 68% used [0x00000000edc00000,0x00000000ede64678,0x00000000edf80000)
  to   space 5120K, 0% used [0x00000000ed700000,0x00000000ed700000,0x00000000edc00000)
 ParOldGen       total 13312K, used 9348K [0x00000000c3200000, 0x00000000c3f00000, 0x00000000ebb80000)
  object space 13312K, 70% used [0x00000000c3200000,0x00000000c3b21398,0x00000000c3f00000)
 Metaspace       used 27029K, capacity 27236K, committed 27648K, reserved 1073152K
  class space    used 3454K, capacity 3484K, committed 3584K, reserved 1048576K
GC Heap History (10 events):
Event: 17.252 GC heap before
{Heap before GC invocations=34 (full 0):
 PSYoungGen      total 22528K, used 4487K [0x00000000ebb80000, 0x00000000ed900000, 0x0000000100000000)
  eden space 19968K, 12% used [0x00000000ebb80000,0x00000000ebddc090,0x00000000ecf00000)
  from space 2560K, 80% used [0x00000000ecf00000,0x00000000ed105ed0,0x00000000ed180000)
  to   space 2560K, 0% used [0x00000000ed680000,0x00000000ed680000,0x00000000ed900000)
 ParOldGen       total 61952K, used 5241K [0x00000000c3200000, 0x00000000c6e80000, 0x00000000ebb80000)
  object space 61952K, 8% used [0x00000000c3200000,0x00000000c371e470,0x00000000c6e80000)
 Metaspace       used 20824K, capacity 21002K, committed 21248K, reserved 1067008K
  class space    used 2671K, capacity 2701K, committed 2816K, reserved 1048576K
Event: 17.259 GC heap after
Heap after GC invocations=34 (full 0):
 PSYoungGen      total 27648K, used 359K [0x00000000ebb80000, 0x00000000ed900000, 0x0000000100000000)
  eden space 25088K, 0% used [0x00000000ebb80000,0x00000000ebb80000,0x00000000ed400000)
  from space 2560K, 14% used [0x00000000ed680000,0x00000000ed6d9cb0,0x00000000ed900000)
  to   space 2560K, 0% used [0x00000000ed400000,0x00000000ed400000,0x00000000ed680000)
 ParOldGen       total 61952K, used 6101K [0x00000000c3200000, 0x00000000c6e80000, 0x00000000ebb80000)
  object space 61952K, 9% used [0x00000000c3200000,0x00000000c37f5480,0x00000000c6e80000)
 Metaspace       used 20824K, capacity 21002K, committed 21248K, reserved 1067008K
  class space    used 2671K, capacity 2701K, committed 2816K, reserved 1048576K
}
Event: 17.259 GC heap before
{Heap before GC invocations=35 (full 1):
 PSYoungGen      total 27648K, used 359K [0x00000000ebb80000, 0x00000000ed900000, 0x0000000100000000)
  eden space 25088K, 0% used [0x00000000ebb80000,0x00000000ebb80000,0x00000000ed400000)
  from space 2560K, 14% used [0x00000000ed680000,0x00000000ed6d9cb0,0x00000000ed900000)
  to   space 2560K, 0% used [0x00000000ed400000,0x00000000ed400000,0x00000000ed680000)
 ParOldGen       total 61952K, used 6101K [0x00000000c3200000, 0x00000000c6e80000, 0x00000000ebb80000)
  object space 61952K, 9% used [0x00000000c3200000,0x00000000c37f5480,0x00000000c6e80000)
 Metaspace       used 20824K, capacity 21002K, committed 21248K, reserved 1067008K
  class space    used 2671K, capacity 2701K, committed 2816K, reserved 1048576K
Event: 17.383 GC heap after
Heap after GC invocations=35 (full 1):
 PSYoungGen      total 27648K, used 0K [0x00000000ebb80000, 0x00000000ed900000, 0x0000000100000000)
  eden space 25088K, 0% used [0x00000000ebb80000,0x00000000ebb80000,0x00000000ed400000)
  from space 2560K, 0% used [0x00000000ed680000,0x00000000ed680000,0x00000000ed900000)
  to   space 2560K, 0% used [0x00000000ed400000,0x00000000ed400000,0x00000000ed680000)
 ParOldGen       total 7680K, used 5497K [0x00000000c3200000, 0x00000000c3980000, 0x00000000ebb80000)
  object space 7680K, 71% used [0x00000000c3200000,0x00000000c375e550,0x00000000c3980000)
 Metaspace       used 20824K, capacity 21002K, committed 21248K, reserved 1067008K
  class space    used 2671K, capacity 2701K, committed 2816K, reserved 1048576K
}
Event: 25.755 GC heap before
{Heap before GC invocations=36 (full 1):
 PSYoungGen      total 27648K, used 25088K [0x00000000ebb80000, 0x00000000ed900000, 0x0000000100000000)
  eden space 25088K, 100% used [0x00000000ebb80000,0x00000000ed400000,0x00000000ed400000)
  from space 2560K, 0% used [0x00000000ed680000,0x00000000ed680000,0x00000000ed900000)
  to   space 2560K, 0% used [0x00000000ed400000,0x00000000ed400000,0x00000000ed680000)
 ParOldGen       total 7680K, used 5497K [0x00000000c3200000, 0x00000000c3980000, 0x00000000ebb80000)
  object space 7680K, 71% used [0x00000000c3200000,0x00000000c375e550,0x00000000c3980000)
 Metaspace       used 23357K, capacity 23522K, committed 23808K, reserved 1071104K
  class space    used 2981K, capacity 3025K, committed 3072K, reserved 1048576K
Event: 25.760 GC heap after
Heap after GC invocations=36 (full 1):
 PSYoungGen      total 27648K, used 2542K [0x00000000ebb80000, 0x00000000edf80000, 0x0000000100000000)
  eden space 25088K, 0% used [0x00000000ebb80000,0x00000000ebb80000,0x00000000ed400000)
  from space 2560K, 99% used [0x00000000ed400000,0x00000000ed67bb50,0x00000000ed680000)
  to   space 3584K, 0% used [0x00000000edc00000,0x00000000edc00000,0x00000000edf80000)
 ParOldGen       total 7680K, used 6019K [0x00000000c3200000, 0x00000000c3980000, 0x00000000ebb80000)
  object space 7680K, 78% used [0x00000000c3200000,0x00000000c37e0d98,0x00000000c3980000)
 Metaspace       used 23357K, capacity 23522K, committed 23808K, reserved 1071104K
  class space    used 2981K, capacity 3025K, committed 3072K, reserved 1048576K
}
Event: 42.395 GC heap before
{Heap before GC invocations=37 (full 1):
 PSYoungGen      total 27648K, used 27630K [0x00000000ebb80000, 0x00000000edf80000, 0x0000000100000000)
  eden space 25088K, 100% used [0x00000000ebb80000,0x00000000ed400000,0x00000000ed400000)
  from space 2560K, 99% used [0x00000000ed400000,0x00000000ed67bb50,0x00000000ed680000)
  to   space 3584K, 0% used [0x00000000edc00000,0x00000000edc00000,0x00000000edf80000)
 ParOldGen       total 7680K, used 6019K [0x00000000c3200000, 0x00000000c3980000, 0x00000000ebb80000)
  object space 7680K, 78% used [0x00000000c3200000,0x00000000c37e0d98,0x00000000c3980000)
 Metaspace       used 26382K, capacity 26600K, committed 26880K, reserved 1073152K
  class space    used 3421K, capacity 3474K, committed 3584K, reserved 1048576K
Event: 42.406 GC heap after
Heap after GC invocations=37 (full 1):
 PSYoungGen      total 31744K, used 3583K [0x00000000ebb80000, 0x00000000ee280000, 0x0000000100000000)
  eden space 28160K, 0% used [0x00000000ebb80000,0x00000000ebb80000,0x00000000ed700000)
  from space 3584K, 99% used [0x00000000edc00000,0x00000000edf7fca0,0x00000000edf80000)
  to   space 5120K, 0% used [0x00000000ed700000,0x00000000ed700000,0x00000000edc00000)
 ParOldGen       total 9728K, used 9518K [0x00000000c3200000, 0x00000000c3b80000, 0x00000000ebb80000)
  object space 9728K, 97% used [0x00000000c3200000,0x00000000c3b4b948,0x00000000c3b80000)
 Metaspace       used 26382K, capacity 26600K, committed 26880K, reserved 1073152K
  class space    used 3421K, capacity 3474K, committed 3584K, reserved 1048576K
}
Event: 42.406 GC heap before
{Heap before GC invocations=38 (full 2):
 PSYoungGen      total 31744K, used 3583K [0x00000000ebb80000, 0x00000000ee280000, 0x0000000100000000)
  eden space 28160K, 0% used [0x00000000ebb80000,0x00000000ebb80000,0x00000000ed700000)
  from space 3584K, 99% used [0x00000000edc00000,0x00000000edf7fca0,0x00000000edf80000)
  to   space 5120K, 0% used [0x00000000ed700000,0x00000000ed700000,0x00000000edc00000)
 ParOldGen       total 9728K, used 9518K [0x00000000c3200000, 0x00000000c3b80000, 0x00000000ebb80000)
  object space 9728K, 97% used [0x00000000c3200000,0x00000000c3b4b948,0x00000000c3b80000)
 Metaspace       used 26382K, capacity 26600K, committed 26880K, reserved 1073152K
  class space    used 3421K, capacity 3474K, committed 3584K, reserved 1048576K
Event: 42.574 GC heap after
Heap after GC invocations=38 (full 2):
 PSYoungGen      total 31744K, used 2449K [0x00000000ebb80000, 0x00000000ee280000, 0x0000000100000000)
  eden space 28160K, 0% used [0x00000000ebb80000,0x00000000ebb80000,0x00000000ed700000)
  from space 3584K, 68% used [0x00000000edc00000,0x00000000ede64678,0x00000000edf80000)
  to   space 5120K, 0% used [0x00000000ed700000,0x00000000ed700000,0x00000000edc00000)
 ParOldGen       total 13312K, used 9348K [0x00000000c3200000, 0x00000000c3f00000, 0x00000000ebb80000)
  object space 13312K, 70% used [0x00000000c3200000,0x00000000c3b21398,0x00000000c3f00000)
 Metaspace       used 26371K, capacity 26582K, committed 26880K, reserved 1073152K
  class space    used 3420K, capacity 3471K, committed 3584K, reserved 1048576K
}

